# JRE version: OpenJDK Runtime Environment (11.0.12) (build 11.0.12+0-b1504.28-7817840)
# Java VM: OpenJDK 64-Bit Server VM (11.0.12+0-b1504.28-7817840, mixed mode, tiered, compressed oops, g1 gc, linux-amd64)
Heap:
 garbage-first heap   total 260096K, used 168334K [0x0000000080000000, 0x0000000100000000)
  region size 1024K, 12 young (12288K), 6 survivors (6144K)
 Metaspace       used 115060K, capacity 118334K, committed 119300K, reserved 1153024K
  class space    used 14893K, capacity 16186K, committed 16460K, reserved 1048576K
GC Heap History (20 events):
Event: 26,636 GC heap before
{Heap before GC invocations=11 (full 0):
 garbage-first heap   total 256000K, used 164108K [0x0000000080000000, 0x0000000100000000)
  region size 1024K, 120 young (122880K), 13 survivors (13312K)
 Metaspace       used 78133K, capacity 80025K, committed 80332K, reserved 1118208K
  class space    used 10151K, capacity 10851K, committed 10956K, reserved 1048576K
}
Event: 26,653 GC heap after
{Heap after GC invocations=12 (full 0):
 garbage-first heap   total 256000K, used 62498K [0x0000000080000000, 0x0000000100000000)
  region size 1024K, 8 young (8192K), 8 survivors (8192K)
 Metaspace       used 78133K, capacity 80025K, committed 80332K, reserved 1118208K
  class space    used 10151K, capacity 10851K, committed 10956K, reserved 1048576K
}
Event: 30,084 GC heap before
{Heap before GC invocations=12 (full 0):
 garbage-first heap   total 256000K, used 183330K [0x0000000080000000, 0x0000000100000000)
  region size 1024K, 118 young (120832K), 8 survivors (8192K)
 Metaspace       used 85539K, capacity 87565K, committed 87756K, reserved 1126400K
  class space    used 10994K, capacity 11702K, committed 11724K, reserved 1048576K
}
Event: 30,095 GC heap after
{Heap after GC invocations=13 (full 0):
 garbage-first heap   total 256000K, used 65495K [0x0000000080000000, 0x0000000100000000)
  region size 1024K, 11 young (11264K), 11 survivors (11264K)
 Metaspace       used 85539K, capacity 87565K, committed 87756K, reserved 1126400K
  class space    used 10994K, capacity 11702K, committed 11724K, reserved 1048576K
}
Event: 37,945 GC heap before
{Heap before GC invocations=13 (full 0):
 garbage-first heap   total 256000K, used 181207K [0x0000000080000000, 0x0000000100000000)
  region size 1024K, 125 young (128000K), 11 survivors (11264K)
 Metaspace       used 88012K, capacity 90148K, committed 90444K, reserved 1128448K
  class space    used 11231K, capacity 12012K, committed 12108K, reserved 1048576K
}
Event: 37,967 GC heap after
{Heap after GC invocations=14 (full 0):
 garbage-first heap   total 256000K, used 74839K [0x0000000080000000, 0x0000000100000000)
  region size 1024K, 14 young (14336K), 14 survivors (14336K)
 Metaspace       used 88012K, capacity 90148K, committed 90444K, reserved 1128448K
  class space    used 11231K, capacity 12012K, committed 12108K, reserved 1048576K
}
Event: 50,881 GC heap before
{Heap before GC invocations=14 (full 0):
 garbage-first heap   total 256000K, used 187479K [0x0000000080000000, 0x0000000100000000)
  region size 1024K, 125 young (128000K), 14 survivors (14336K)
 Metaspace       used 94227K, capacity 96424K, committed 96588K, reserved 1132544K
  class space    used 12039K, capacity 12842K, committed 12876K, reserved 1048576K
}
Event: 50,897 GC heap after
{Heap after GC invocations=15 (full 0):
 garbage-first heap   total 256000K, used 80784K [0x0000000080000000, 0x0000000100000000)
  region size 1024K, 9 young (9216K), 9 survivors (9216K)
 Metaspace       used 94227K, capacity 96424K, committed 96588K, reserved 1132544K
  class space    used 12039K, capacity 12842K, committed 12876K, reserved 1048576K
}
Event: 51,428 GC heap before
{Heap before GC invocations=15 (full 0):
 garbage-first heap   total 256000K, used 101264K [0x0000000080000000, 0x0000000100000000)
  region size 1024K, 31 young (31744K), 9 survivors (9216K)
 Metaspace       used 98461K, capacity 100707K, committed 100812K, reserved 1136640K
  class space    used 12603K, capacity 13437K, committed 13516K, reserved 1048576K
}
Event: 51,449 GC heap after
{Heap after GC invocations=16 (full 0):
 garbage-first heap   total 256000K, used 81729K [0x0000000080000000, 0x0000000100000000)
  region size 1024K, 10 young (10240K), 10 survivors (10240K)
 Metaspace       used 98461K, capacity 100707K, committed 100812K, reserved 1136640K
  class space    used 12603K, capacity 13437K, committed 13516K, reserved 1048576K
}
Event: 68,898 GC heap before
{Heap before GC invocations=17 (full 0):
 garbage-first heap   total 256000K, used 201537K [0x0000000080000000, 0x0000000100000000)
  region size 1024K, 122 young (124928K), 10 survivors (10240K)
 Metaspace       used 106787K, capacity 109527K, committed 109956K, reserved 1144832K
  class space    used 13668K, capacity 14674K, committed 14796K, reserved 1048576K
}
Event: 68,921 GC heap after
{Heap after GC invocations=18 (full 0):
 garbage-first heap   total 256000K, used 101462K [0x0000000080000000, 0x0000000100000000)
  region size 1024K, 16 young (16384K), 16 survivors (16384K)
 Metaspace       used 106787K, capacity 109527K, committed 109956K, reserved 1144832K
  class space    used 13668K, capacity 14674K, committed 14796K, reserved 1048576K
}
Event: 70,219 GC heap before
{Heap before GC invocations=19 (full 0):
 garbage-first heap   total 256000K, used 202838K [0x0000000080000000, 0x0000000100000000)
  region size 1024K, 108 young (110592K), 16 survivors (16384K)
 Metaspace       used 114071K, capacity 117545K, committed 117892K, reserved 1150976K
  class space    used 14824K, capacity 16208K, committed 16332K, reserved 1048576K
}
Event: 70,240 GC heap after
{Heap after GC invocations=20 (full 0):
 garbage-first heap   total 256000K, used 101391K [0x0000000080000000, 0x0000000100000000)
  region size 1024K, 5 young (5120K), 5 survivors (5120K)
 Metaspace       used 114071K, capacity 117545K, committed 117892K, reserved 1150976K
  class space    used 14824K, capacity 16208K, committed 16332K, reserved 1048576K
}
Event: 71,043 GC heap before
{Heap before GC invocations=20 (full 0):
 garbage-first heap   total 256000K, used 211983K [0x0000000080000000, 0x0000000100000000)
  region size 1024K, 99 young (101376K), 5 survivors (5120K)
 Metaspace       used 115321K, capacity 118773K, committed 119044K, reserved 1153024K
  class space    used 15023K, capacity 16421K, committed 16460K, reserved 1048576K
}
Event: 71,089 GC heap after
{Heap after GC invocations=21 (full 0):
 garbage-first heap   total 260096K, used 143952K [0x0000000080000000, 0x0000000100000000)
  region size 1024K, 13 young (13312K), 13 survivors (13312K)
 Metaspace       used 115321K, capacity 118773K, committed 119044K, reserved 1153024K
  class space    used 15023K, capacity 16421K, committed 16460K, reserved 1048576K
}
Event: 71,231 GC heap before
{Heap before GC invocations=21 (full 0):
 garbage-first heap   total 260096K, used 157264K [0x0000000080000000, 0x0000000100000000)
  region size 1024K, 27 young (27648K), 13 survivors (13312K)
 Metaspace       used 115391K, capacity 118917K, committed 119044K, reserved 1153024K
  class space    used 15024K, capacity 16423K, committed 16460K, reserved 1048576K
}
Event: 71,295 GC heap after
{Heap after GC invocations=22 (full 0):
 garbage-first heap   total 260096K, used 150016K [0x0000000080000000, 0x0000000100000000)
  region size 1024K, 4 young (4096K), 4 survivors (4096K)
 Metaspace       used 115391K, capacity 118917K, committed 119044K, reserved 1153024K
  class space    used 15024K, capacity 16423K, committed 16460K, reserved 1048576K
}
Event: 71,666 GC heap before
{Heap before GC invocations=23 (full 0):
 garbage-first heap   total 260096K, used 178688K [0x0000000080000000, 0x0000000100000000)
  region size 1024K, 34 young (34816K), 4 survivors (4096K)
 Metaspace       used 115033K, capacity 118264K, committed 119044K, reserved 1153024K
  class space    used 14893K, capacity 16186K, committed 16460K, reserved 1048576K
}
Event: 71,699 GC heap after
{Heap after GC invocations=24 (full 0):
 garbage-first heap   total 260096K, used 159118K [0x0000000080000000, 0x0000000100000000)
  region size 1024K, 6 young (6144K), 6 survivors (6144K)
 Metaspace       used 115033K, capacity 118264K, committed 119044K, reserved 1153024K
  class space    used 14893K, capacity 16186K, committed 16460K, reserved 1048576K
}

